0 info it worked if it ends with ok
1 verbose cli [ 'node', '/usr/local/bin/npm', 'install', '-g', 'typescript' ]
2 info using npm@1.4.28
3 info using node@v0.10.35
4 verbose cache add [ 'typescript', null ]
5 verbose cache add name=undefined spec="typescript" args=["typescript",null]
6 verbose parsed url { protocol: null,
6 verbose parsed url   slashes: null,
6 verbose parsed url   auth: null,
6 verbose parsed url   host: null,
6 verbose parsed url   port: null,
6 verbose parsed url   hostname: null,
6 verbose parsed url   hash: null,
6 verbose parsed url   search: null,
6 verbose parsed url   query: null,
6 verbose parsed url   pathname: 'typescript',
6 verbose parsed url   path: 'typescript',
6 verbose parsed url   href: 'typescript' }
7 silly lockFile fb9da861-typescript typescript
8 verbose lock typescript /Users/svilenstoicheff/.npm/fb9da861-typescript.lock
9 silly lockFile fb9da861-typescript typescript
10 silly lockFile fb9da861-typescript typescript
11 verbose addNamed [ 'typescript', '' ]
12 verbose addNamed [ null, '*' ]
13 silly lockFile b598c0ef-typescript typescript@
14 verbose lock typescript@ /Users/svilenstoicheff/.npm/b598c0ef-typescript.lock
15 silly addNameRange { name: 'typescript', range: '*', hasData: false }
16 verbose request where is /typescript
17 verbose request registry https://registry.npmjs.org/
18 verbose request id da77801a9d779901
19 verbose url raw /typescript
20 verbose url resolving [ 'https://registry.npmjs.org/', './typescript' ]
21 verbose url resolved https://registry.npmjs.org/typescript
22 verbose request where is https://registry.npmjs.org/typescript
23 info trying registry request attempt 1 at 16:06:35
24 verbose etag "1WOWQGAUWPPLD74YUTLDQCUIO"
25 http GET https://registry.npmjs.org/typescript
26 http 304 https://registry.npmjs.org/typescript
27 silly registry.get cb [ 304,
27 silly registry.get   { date: 'Fri, 12 Jun 2015 21:06:35 GMT',
27 silly registry.get     via: '1.1 varnish',
27 silly registry.get     'cache-control': 'max-age=60',
27 silly registry.get     etag: '"1WOWQGAUWPPLD74YUTLDQCUIO"',
27 silly registry.get     age: '0',
27 silly registry.get     connection: 'keep-alive',
27 silly registry.get     'x-served-by': 'cache-dfw1835-DFW',
27 silly registry.get     'x-cache': 'HIT',
27 silly registry.get     'x-cache-hits': '1',
27 silly registry.get     'x-timer': 'S1434143195.625506,VS0,VE51',
27 silly registry.get     vary: 'Accept' } ]
28 verbose etag https://registry.npmjs.org/typescript from cache
29 silly addNameRange number 2 { name: 'typescript', range: '*', hasData: true }
30 silly addNameRange versions [ 'typescript',
30 silly addNameRange   [ '0.8.0',
30 silly addNameRange     '0.8.1',
30 silly addNameRange     '0.8.1-1',
30 silly addNameRange     '0.8.2',
30 silly addNameRange     '0.8.3',
30 silly addNameRange     '0.9.0',
30 silly addNameRange     '0.9.0-1',
30 silly addNameRange     '0.9.1',
30 silly addNameRange     '0.9.1-1',
30 silly addNameRange     '0.9.5',
30 silly addNameRange     '0.9.7',
30 silly addNameRange     '1.0.0',
30 silly addNameRange     '1.0.1',
30 silly addNameRange     '1.1.0-1',
30 silly addNameRange     '1.3.0',
30 silly addNameRange     '1.4.1',
30 silly addNameRange     '1.5.0-alpha',
30 silly addNameRange     '1.5.0-beta' ] ]
31 verbose addNamed [ 'typescript', '1.5.0-beta' ]
32 verbose addNamed [ '1.5.0-beta', '1.5.0-beta' ]
33 silly lockFile 07adb830-typescript-1-5-0-beta typescript@1.5.0-beta
34 verbose lock typescript@1.5.0-beta /Users/svilenstoicheff/.npm/07adb830-typescript-1-5-0-beta.lock
35 silly lockFile 07adb830-typescript-1-5-0-beta typescript@1.5.0-beta
36 silly lockFile 07adb830-typescript-1-5-0-beta typescript@1.5.0-beta
37 silly lockFile b598c0ef-typescript typescript@
38 silly lockFile b598c0ef-typescript typescript@
39 silly resolved [ { name: 'typescript',
39 silly resolved     author: { name: 'Microsoft Corp.' },
39 silly resolved     homepage: 'http://typescriptlang.org/',
39 silly resolved     version: '1.5.0-beta',
39 silly resolved     licenses: [ [Object] ],
39 silly resolved     description: 'TypeScript is a language for application scale JavaScript development',
39 silly resolved     keywords: [ 'TypeScript', 'Microsoft', 'compiler', 'language', 'javascript' ],
39 silly resolved     bugs: { url: 'https://github.com/Microsoft/TypeScript/issues' },
39 silly resolved     repository:
39 silly resolved      { type: 'git',
39 silly resolved        url: 'https://github.com/Microsoft/TypeScript.git' },
39 silly resolved     preferGlobal: true,
39 silly resolved     main: './bin/typescript.js',
39 silly resolved     bin: { tsc: './bin/tsc', tsserver: './bin/tsserver' },
39 silly resolved     engines: { node: '>=0.8.0' },
39 silly resolved     devDependencies:
39 silly resolved      { jake: 'latest',
39 silly resolved        mocha: 'latest',
39 silly resolved        chai: 'latest',
39 silly resolved        browserify: 'latest',
39 silly resolved        istanbul: 'latest' },
39 silly resolved     scripts: { test: 'jake runtests' },
39 silly resolved     gitHead: 'c233073d02536b33b3848541b538ad762c4729ba',
39 silly resolved     _id: 'typescript@1.5.0-beta',
39 silly resolved     _shasum: '702cfc65692538bd5de273ffd49a86d5fc37598f',
39 silly resolved     _from: 'typescript@',
39 silly resolved     _npmVersion: '1.4.28',
39 silly resolved     _npmUser: { name: 'typescript', email: 'typescript@microsoft.com' },
39 silly resolved     maintainers: [ [Object] ],
39 silly resolved     dist:
39 silly resolved      { shasum: '702cfc65692538bd5de273ffd49a86d5fc37598f',
39 silly resolved        tarball: 'http://registry.npmjs.org/typescript/-/typescript-1.5.0-beta.tgz' },
39 silly resolved     directories: {},
39 silly resolved     _resolved: 'https://registry.npmjs.org/typescript/-/typescript-1.5.0-beta.tgz',
39 silly resolved     readme: 'ERROR: No README data found!' } ]
40 info install typescript@1.5.0-beta into /usr/local/lib
41 info installOne typescript@1.5.0-beta
42 verbose lib/node_modules/typescript unbuild
43 verbose tar unpack /Users/svilenstoicheff/.npm/typescript/1.5.0-beta/package.tgz
44 silly lockFile 2d878377-ocal-lib-node-modules-typescript tar:///usr/local/lib/node_modules/typescript
45 verbose lock tar:///usr/local/lib/node_modules/typescript /Users/svilenstoicheff/.npm/2d878377-ocal-lib-node-modules-typescript.lock
46 silly lockFile ff11976c-ypescript-1-5-0-beta-package-tgz tar:///Users/svilenstoicheff/.npm/typescript/1.5.0-beta/package.tgz
47 verbose lock tar:///Users/svilenstoicheff/.npm/typescript/1.5.0-beta/package.tgz /Users/svilenstoicheff/.npm/ff11976c-ypescript-1-5-0-beta-package-tgz.lock
48 silly gunzTarPerm modes [ '755', '644' ]
49 error Error: EACCES, mkdir '/usr/local/lib/node_modules/typescript'
49 error  { [Error: EACCES, mkdir '/usr/local/lib/node_modules/typescript']
49 error   errno: 3,
49 error   code: 'EACCES',
49 error   path: '/usr/local/lib/node_modules/typescript',
49 error   fstream_type: 'Directory',
49 error   fstream_path: '/usr/local/lib/node_modules/typescript',
49 error   fstream_class: 'DirWriter',
49 error   fstream_stack:
49 error    [ '/usr/local/lib/node_modules/npm/node_modules/fstream/lib/dir-writer.js:36:23',
49 error      '/usr/local/lib/node_modules/npm/node_modules/mkdirp/index.js:46:53',
49 error      'Object.oncomplete (fs.js:108:15)' ] }
50 error Please try running this command again as root/Administrator.
51 error System Darwin 14.3.0
52 error command "node" "/usr/local/bin/npm" "install" "-g" "typescript"
53 error cwd /Users/svilenstoicheff/Documents/workspace/ng2sb
54 error node -v v0.10.35
55 error npm -v 1.4.28
56 error path /usr/local/lib/node_modules/typescript
57 error fstream_path /usr/local/lib/node_modules/typescript
58 error fstream_type Directory
59 error fstream_class DirWriter
60 error code EACCES
61 error errno 3
62 error stack Error: EACCES, mkdir '/usr/local/lib/node_modules/typescript'
63 error fstream_stack /usr/local/lib/node_modules/npm/node_modules/fstream/lib/dir-writer.js:36:23
63 error fstream_stack /usr/local/lib/node_modules/npm/node_modules/mkdirp/index.js:46:53
63 error fstream_stack Object.oncomplete (fs.js:108:15)
64 verbose exit [ 3, true ]
